<?xml version="1.0" encoding="UTF-8"?>
<testng-results skipped="0" failed="1" ignored="0" total="4" passed="3">
  <reporter-output>
    <line>
      <![CDATA[Login | Salesforce]]>
    </line>
    <line>
      <![CDATA[]]>
    </line>
  </reporter-output>
  <suite name="Suite" duration-ms="88361" started-at="2020-09-15T10:24:01Z" finished-at="2020-09-15T10:25:29Z">
    <groups>
    </groups>
    <test name="Test" duration-ms="88361" started-at="2020-09-15T10:24:01Z" finished-at="2020-09-15T10:25:29Z">
      <class name="com.framework.testCases.Login">
        <test-method status="PASS" signature="initilizeBrowser()[pri:0, instance:com.framework.testCases.Login@a530d0a]" name="initilizeBrowser" is-config="true" duration-ms="4140" started-at="2020-09-15T15:54:01Z" finished-at="2020-09-15T15:54:05Z">
          <reporter-output>
          </reporter-output>
        </test-method> <!-- initilizeBrowser -->
        <test-method status="PASS" signature="displayText()[pri:1, instance:com.framework.testCases.Login@a530d0a]" name="displayText" duration-ms="24671" started-at="2020-09-15T15:54:05Z" finished-at="2020-09-15T15:54:30Z">
          <reporter-output>
          </reporter-output>
        </test-method> <!-- displayText -->
        <test-method status="FAIL" signature="verifyText()[pri:2, instance:com.framework.testCases.Login@a530d0a]" name="verifyText" duration-ms="2031" started-at="2020-09-15T15:54:30Z" finished-at="2020-09-15T15:54:32Z">
          <exception class="java.lang.AssertionError">
            <message>
              <![CDATA[expected [somu] but found [Introducing Work.com, a suite of solutions, expertise and resources to help you reopen safely.  ]]]>
            </message>
            <full-stacktrace>
              <![CDATA[java.lang.AssertionError: expected [somu] but found [Introducing Work.com, a suite of solutions, expertise and resources to help you reopen safely.  ]
	at org.testng.Assert.fail(Assert.java:94)
	at org.testng.Assert.failNotEquals(Assert.java:513)
	at org.testng.Assert.assertEqualsImpl(Assert.java:135)
	at org.testng.Assert.assertEquals(Assert.java:116)
	at org.testng.Assert.assertEquals(Assert.java:190)
	at org.testng.Assert.assertEquals(Assert.java:200)
	at com.framework.testCases.Login.verifyText(Login.java:91)
	at sun.reflect.NativeMethodAccessorImpl.invoke0(Native Method)
	at sun.reflect.NativeMethodAccessorImpl.invoke(NativeMethodAccessorImpl.java:62)
	at sun.reflect.DelegatingMethodAccessorImpl.invoke(DelegatingMethodAccessorImpl.java:43)
	at java.lang.reflect.Method.invoke(Method.java:498)
	at org.testng.internal.MethodInvocationHelper.invokeMethod(MethodInvocationHelper.java:104)
	at org.testng.internal.Invoker.invokeMethod(Invoker.java:645)
	at org.testng.internal.Invoker.invokeTestMethod(Invoker.java:851)
	at org.testng.internal.Invoker.invokeTestMethods(Invoker.java:1177)
	at org.testng.internal.TestMethodWorker.invokeTestMethods(TestMethodWorker.java:129)
	at org.testng.internal.TestMethodWorker.run(TestMethodWorker.java:112)
	at org.testng.TestRunner.privateRun(TestRunner.java:756)
	at org.testng.TestRunner.run(TestRunner.java:610)
	at org.testng.SuiteRunner.runTest(SuiteRunner.java:387)
	at org.testng.SuiteRunner.runSequentially(SuiteRunner.java:382)
	at org.testng.SuiteRunner.privateRun(SuiteRunner.java:340)
	at org.testng.SuiteRunner.run(SuiteRunner.java:289)
	at org.testng.SuiteRunnerWorker.runSuite(SuiteRunnerWorker.java:52)
	at org.testng.SuiteRunnerWorker.run(SuiteRunnerWorker.java:86)
	at org.testng.TestNG.runSuitesSequentially(TestNG.java:1293)
	at org.testng.TestNG.runSuitesLocally(TestNG.java:1218)
	at org.testng.TestNG.runSuites(TestNG.java:1133)
	at org.testng.TestNG.run(TestNG.java:1104)
	at org.apache.maven.surefire.testng.TestNGExecutor.run(TestNGExecutor.java:283)
	at org.apache.maven.surefire.testng.TestNGXmlTestSuite.execute(TestNGXmlTestSuite.java:75)
	at org.apache.maven.surefire.testng.TestNGProvider.invoke(TestNGProvider.java:120)
	at org.apache.maven.surefire.booter.ForkedBooter.invokeProviderInSameClassLoader(ForkedBooter.java:384)
	at org.apache.maven.surefire.booter.ForkedBooter.runSuitesInProcess(ForkedBooter.java:345)
	at org.apache.maven.surefire.booter.ForkedBooter.execute(ForkedBooter.java:126)
	at org.apache.maven.surefire.booter.ForkedBooter.main(ForkedBooter.java:418)
]]>
            </full-stacktrace>
          </exception> <!-- java.lang.AssertionError -->
          <reporter-output>
          </reporter-output>
        </test-method> <!-- verifyText -->
        <test-method status="PASS" signature="login(java.lang.String, java.lang.String)[pri:3, instance:com.framework.testCases.Login@a530d0a]" name="login" duration-ms="30192" started-at="2020-09-15T15:54:32Z" data-provider="data" finished-at="2020-09-15T15:55:02Z">
          <params>
            <param index="0">
              <value>
                <![CDATA[somugaikwad93@gmail.com]]>
              </value>
            </param>
            <param index="1">
              <value>
                <![CDATA[9916592942]]>
              </value>
            </param>
          </params>
          <reporter-output>
            <line>
              <![CDATA[Login | Salesforce]]>
            </line>
          </reporter-output>
        </test-method> <!-- login -->
        <test-method status="PASS" signature="login(java.lang.String, java.lang.String)[pri:3, instance:com.framework.testCases.Login@a530d0a]" name="login" duration-ms="27126" started-at="2020-09-15T15:55:02Z" data-provider="data" finished-at="2020-09-15T15:55:29Z">
          <params>
            <param index="0">
              <value>
                <![CDATA[somanath.sbg@gmail.com]]>
              </value>
            </param>
            <param index="1">
              <value>
                <![CDATA[7019807360]]>
              </value>
            </param>
          </params>
          <reporter-output>
            <line>
              <![CDATA[]]>
            </line>
          </reporter-output>
        </test-method> <!-- login -->
        <test-method status="PASS" signature="closeBrowser()[pri:0, instance:com.framework.testCases.Login@a530d0a]" name="closeBrowser" is-config="true" duration-ms="165" started-at="2020-09-15T15:55:29Z" finished-at="2020-09-15T15:55:29Z">
          <reporter-output>
          </reporter-output>
        </test-method> <!-- closeBrowser -->
      </class> <!-- com.framework.testCases.Login -->
    </test> <!-- Test -->
  </suite> <!-- Suite -->
</testng-results>
